<?xml version="1.0" encoding="UTF-8"?>
<!-- Generated by org.testng.reporters.JUnitXMLReporter -->
<testsuite ignored="0" hostname="DESKTOP-BSVQKOV" failures="0" tests="9" name="Default test" time="207.495" errors="0" timestamp="2022-02-06T19:54:01 CST">
  <testcase classname="com.maximus.testcases.DataDriven_PostEmployeeRecords" name="postEmpRecords" time="52.8"/>
  <testcase classname="com.maximus.testcases.DataDriven_PostEmployeeRecords" name="postEmpRecords" time="50.724"/>
  <testcase classname="com.maximus.testcases.DataDriven_PostEmployeeRecords" name="postEmpRecords" time="50.665"/>
  <testcase classname="com.maximus.testcases.DataDriven_PostEmployeeRecords" name="postEmpRecords" time="50.694"/>
  <testcase classname="com.maximus.testcases.DataDriven_PostEmployeeRecords" name="checkContentType" time="0.006"/>
  <testcase classname="com.maximus.testcases.DataDriven_PostEmployeeRecords" name="getResponseBody" time="0.019"/>
  <testcase classname="com.maximus.testcases.DataDriven_PostEmployeeRecords" name="getStatusCode" time="0.002"/>
  <testcase classname="com.maximus.testcases.DataDriven_PostEmployeeRecords" name="getStatusLine" time="0.002"/>
  <testcase classname="com.maximus.testcases.DataDriven_PostEmployeeRecords" name="checkServerType" time="0.001"/>
</testsuite> <!-- Default test -->
