<?xml version="1.0" encoding="UTF-8"?>
<!-- Generated by org.testng.reporters.JUnitXMLReporter -->
<testsuite ignored="0" hostname="DESKTOP-BSVQKOV" failures="0" tests="14" name="Employe Data Test" time="216.729" errors="0" timestamp="2022-02-06T21:54:46 CST">
  <testcase classname="com.maximus.testcases.GetEmployeeDetails" name="checkContentType" time="0.009"/>
  <testcase classname="com.maximus.testcases.GetEmployeeDetails" name="checkServerType" time="0.002"/>
  <testcase classname="com.maximus.testcases.GetEmployeeDetails" name="getResponseBody" time="0.025"/>
  <testcase classname="com.maximus.testcases.GetEmployeeDetails" name="getStatusCode" time="0.002"/>
  <testcase classname="com.maximus.testcases.GetEmployeeDetails" name="getStatusLine" time="0.002"/>
  <testcase classname="com.maximus.testcases.DataDriven_PostEmployeeRecords" name="postEmpRecords" time="50.814"/>
  <testcase classname="com.maximus.testcases.DataDriven_PostEmployeeRecords" name="postEmpRecords" time="50.633"/>
  <testcase classname="com.maximus.testcases.DataDriven_PostEmployeeRecords" name="postEmpRecords" time="50.717"/>
  <testcase classname="com.maximus.testcases.DataDriven_PostEmployeeRecords" name="postEmpRecords" time="50.616"/>
  <testcase classname="com.maximus.testcases.DataDriven_PostEmployeeRecords" name="checkContentType" time="0.007"/>
  <testcase classname="com.maximus.testcases.DataDriven_PostEmployeeRecords" name="getResponseBody" time="0.013"/>
  <testcase classname="com.maximus.testcases.DataDriven_PostEmployeeRecords" name="getStatusCode" time="0.006"/>
  <testcase classname="com.maximus.testcases.DataDriven_PostEmployeeRecords" name="getStatusLine" time="0.003"/>
  <testcase classname="com.maximus.testcases.DataDriven_PostEmployeeRecords" name="checkServerType" time="0.002"/>
</testsuite> <!-- Employe Data Test -->
